<?xml version="1.0" encoding="UTF-8"?>
<coverage generated="1767612084">
  <project timestamp="1767612084" name="Clover Coverage">
    <package name="Tbessenreither\XPathScraper\Bundle">
      <file name="/var/www/html/src/Bundle/XPathScraperBundle.php">
        <class name="Tbessenreither\XPathScraper\Bundle\XPathScraperBundle" namespace="Tbessenreither\XPathScraper\Bundle">
          <metrics complexity="1" methods="1" coveredmethods="0" conditionals="0" coveredconditionals="0" statements="1" coveredstatements="0" elements="2" coveredelements="0"/>
        </class>
        <line num="14" type="method" name="build" visibility="public" complexity="1" crap="2" count="0"/>
        <line num="16" type="stmt" count="0"/>
        <metrics loc="20" ncloc="20" classes="1" methods="1" coveredmethods="0" conditionals="0" coveredconditionals="0" statements="1" coveredstatements="0" elements="2" coveredelements="0"/>
      </file>
    </package>
    <package name="Tbessenreither\XPathScraper\Dto">
      <file name="/var/www/html/src/Dto/ExtractionDto.php">
        <class name="Tbessenreither\XPathScraper\Dto\ExtractionDto" namespace="Tbessenreither\XPathScraper\Dto">
          <metrics complexity="5" methods="5" coveredmethods="5" conditionals="0" coveredconditionals="0" statements="5" coveredstatements="5" elements="10" coveredelements="10"/>
        </class>
        <line num="12" type="method" name="__construct" visibility="public" complexity="1" crap="1" count="1"/>
        <line num="18" type="stmt" count="1"/>
        <line num="20" type="method" name="getText" visibility="public" complexity="1" crap="1" count="1"/>
        <line num="22" type="stmt" count="1"/>
        <line num="25" type="method" name="getHtml" visibility="public" complexity="1" crap="1" count="1"/>
        <line num="27" type="stmt" count="1"/>
        <line num="30" type="method" name="getOuterHtml" visibility="public" complexity="1" crap="1" count="1"/>
        <line num="32" type="stmt" count="1"/>
        <line num="35" type="method" name="getAttribute" visibility="public" complexity="1" crap="1" count="1"/>
        <line num="37" type="stmt" count="1"/>
        <metrics loc="41" ncloc="38" classes="1" methods="5" coveredmethods="5" conditionals="0" coveredconditionals="0" statements="5" coveredstatements="5" elements="10" coveredelements="10"/>
      </file>
      <file name="/var/www/html/src/Dto/ExtractionsDto.php">
        <class name="Tbessenreither\XPathScraper\Dto\ExtractionsDto" namespace="Tbessenreither\XPathScraper\Dto">
          <metrics complexity="14" methods="10" coveredmethods="8" conditionals="0" coveredconditionals="0" statements="19" coveredstatements="17" elements="29" coveredelements="25"/>
        </class>
        <line num="19" type="method" name="__construct" visibility="public" complexity="1" crap="1" count="2"/>
        <line num="21" type="stmt" count="2"/>
        <line num="23" type="method" name="getAll" visibility="public" complexity="5" crap="5" count="1"/>
        <line num="25" type="stmt" count="1"/>
        <line num="26" type="stmt" count="1"/>
        <line num="27" type="stmt" count="1"/>
        <line num="28" type="stmt" count="1"/>
        <line num="29" type="stmt" count="1"/>
        <line num="30" type="stmt" count="1"/>
        <line num="31" type="stmt" count="1"/>
        <line num="32" type="stmt" count="1"/>
        <line num="34" type="stmt" count="1"/>
        <line num="38" type="stmt" count="1"/>
        <line num="41" type="method" name="element" visibility="public" complexity="1" crap="1" count="1"/>
        <line num="43" type="stmt" count="1"/>
        <line num="46" type="method" name="first" visibility="public" complexity="1" crap="1" count="1"/>
        <line num="48" type="stmt" count="1"/>
        <line num="51" type="method" name="count" visibility="public" complexity="1" crap="1" count="1"/>
        <line num="53" type="stmt" count="1"/>
        <line num="56" type="method" name="getIterator" visibility="public" complexity="1" crap="2" count="0"/>
        <line num="58" type="stmt" count="0"/>
        <line num="61" type="method" name="offsetExists" visibility="public" complexity="1" crap="1" count="1"/>
        <line num="63" type="stmt" count="1"/>
        <line num="66" type="method" name="offsetGet" visibility="public" complexity="1" crap="1" count="1"/>
        <line num="68" type="stmt" count="1"/>
        <line num="71" type="method" name="offsetSet" visibility="public" complexity="1" crap="1" count="1"/>
        <line num="73" type="stmt" count="1"/>
        <line num="76" type="method" name="offsetUnset" visibility="public" complexity="1" crap="2" count="0"/>
        <line num="78" type="stmt" count="0"/>
        <metrics loc="82" ncloc="81" classes="1" methods="10" coveredmethods="8" conditionals="0" coveredconditionals="0" statements="19" coveredstatements="17" elements="29" coveredelements="25"/>
      </file>
    </package>
    <file name="/var/www/html/src/QueryBuilder/Interface/SelectorInterface.php">
      <metrics loc="18" ncloc="12" classes="0" methods="0" coveredmethods="0" conditionals="0" coveredconditionals="0" statements="0" coveredstatements="0" elements="0" coveredelements="0"/>
    </file>
    <package name="Tbessenreither\XPathScraper\QueryBuilder\Selector">
      <file name="/var/www/html/src/QueryBuilder/Selector/LogicWrapper.php">
        <class name="Tbessenreither\XPathScraper\QueryBuilder\Selector\LogicWrapper" namespace="Tbessenreither\XPathScraper\QueryBuilder\Selector">
          <metrics complexity="3" methods="2" coveredmethods="2" conditionals="0" coveredconditionals="0" statements="7" coveredstatements="7" elements="9" coveredelements="9"/>
        </class>
        <line num="13" type="method" name="__construct" visibility="public" complexity="1" crap="1" count="3"/>
        <line num="17" type="stmt" count="3"/>
        <line num="19" type="method" name="getXPathSelector" visibility="public" complexity="2" crap="2" count="3"/>
        <line num="21" type="stmt" count="3"/>
        <line num="22" type="stmt" count="3"/>
        <line num="23" type="stmt" count="3"/>
        <line num="24" type="stmt" count="3"/>
        <line num="25" type="stmt" count="3"/>
        <line num="27" type="stmt" count="3"/>
        <metrics loc="31" ncloc="31" classes="1" methods="2" coveredmethods="2" conditionals="0" coveredconditionals="0" statements="7" coveredstatements="7" elements="9" coveredelements="9"/>
      </file>
      <file name="/var/www/html/src/QueryBuilder/Selector/QueryAttribute.php">
        <class name="Tbessenreither\XPathScraper\QueryBuilder\Selector\QueryAttribute" namespace="Tbessenreither\XPathScraper\QueryBuilder\Selector">
          <metrics complexity="7" methods="2" coveredmethods="2" conditionals="0" coveredconditionals="0" statements="6" coveredstatements="6" elements="8" coveredelements="8"/>
        </class>
        <line num="15" type="method" name="__construct" visibility="public" complexity="1" crap="1" count="4"/>
        <line num="20" type="stmt" count="4"/>
        <line num="22" type="method" name="getXPathSelector" visibility="public" complexity="6" crap="6" count="4"/>
        <line num="24" type="stmt" count="4"/>
        <line num="27" type="stmt" count="1"/>
        <line num="29" type="stmt" count="1"/>
        <line num="31" type="stmt" count="1"/>
        <line num="34" type="stmt" count="1"/>
        <metrics loc="39" ncloc="39" classes="1" methods="2" coveredmethods="2" conditionals="0" coveredconditionals="0" statements="6" coveredstatements="6" elements="8" coveredelements="8"/>
      </file>
      <file name="/var/www/html/src/QueryBuilder/Selector/QueryClass.php">
        <class name="Tbessenreither\XPathScraper\QueryBuilder\Selector\QueryClass" namespace="Tbessenreither\XPathScraper\QueryBuilder\Selector">
          <metrics complexity="7" methods="2" coveredmethods="2" conditionals="0" coveredconditionals="0" statements="6" coveredstatements="6" elements="8" coveredelements="8"/>
        </class>
        <line num="15" type="method" name="__construct" visibility="public" complexity="1" crap="1" count="4"/>
        <line num="19" type="stmt" count="4"/>
        <line num="21" type="method" name="getXPathSelector" visibility="public" complexity="6" crap="6" count="4"/>
        <line num="23" type="stmt" count="4"/>
        <line num="26" type="stmt" count="1"/>
        <line num="28" type="stmt" count="1"/>
        <line num="30" type="stmt" count="1"/>
        <line num="33" type="stmt" count="1"/>
        <metrics loc="38" ncloc="38" classes="1" methods="2" coveredmethods="2" conditionals="0" coveredconditionals="0" statements="6" coveredstatements="6" elements="8" coveredelements="8"/>
      </file>
      <file name="/var/www/html/src/QueryBuilder/Selector/QueryElement.php">
        <class name="Tbessenreither\XPathScraper\QueryBuilder\Selector\QueryElement" namespace="Tbessenreither\XPathScraper\QueryBuilder\Selector">
          <metrics complexity="3" methods="2" coveredmethods="2" conditionals="0" coveredconditionals="0" statements="5" coveredstatements="5" elements="7" coveredelements="7"/>
        </class>
        <line num="15" type="method" name="__construct" visibility="public" complexity="1" crap="1" count="5"/>
        <line num="19" type="stmt" count="5"/>
        <line num="21" type="method" name="getXPathSelector" visibility="public" complexity="2" crap="2" count="5"/>
        <line num="23" type="stmt" count="5"/>
        <line num="24" type="stmt" count="5"/>
        <line num="25" type="stmt" count="4"/>
        <line num="28" type="stmt" count="5"/>
        <metrics loc="32" ncloc="28" classes="1" methods="2" coveredmethods="2" conditionals="0" coveredconditionals="0" statements="5" coveredstatements="5" elements="7" coveredelements="7"/>
      </file>
    </package>
    <package name="Tbessenreither\XPathScraper\QueryBuilder\Service">
      <file name="/var/www/html/src/QueryBuilder/Service/QueryBuilder.php">
        <class name="Tbessenreither\XPathScraper\QueryBuilder\Service\QueryBuilder" namespace="Tbessenreither\XPathScraper\QueryBuilder\Service">
          <metrics complexity="3" methods="2" coveredmethods="2" conditionals="0" coveredconditionals="0" statements="5" coveredstatements="5" elements="7" coveredelements="7"/>
        </class>
        <line num="14" type="method" name="__construct" visibility="public" complexity="1" crap="1" count="1"/>
        <line num="17" type="stmt" count="1"/>
        <line num="19" type="method" name="getXPathSelector" visibility="public" complexity="2" crap="2" count="1"/>
        <line num="22" type="stmt" count="1"/>
        <line num="24" type="stmt" count="1"/>
        <line num="25" type="stmt" count="1"/>
        <line num="28" type="stmt" count="1"/>
        <metrics loc="32" ncloc="27" classes="1" methods="2" coveredmethods="2" conditionals="0" coveredconditionals="0" statements="5" coveredstatements="5" elements="7" coveredelements="7"/>
      </file>
    </package>
    <package name="Tbessenreither\XPathScraper\Service">
      <file name="/var/www/html/src/Service/Scraper.php">
        <class name="Tbessenreither\XPathScraper\Service\Scraper" namespace="Tbessenreither\XPathScraper\Service">
          <metrics complexity="27" methods="6" coveredmethods="3" conditionals="0" coveredconditionals="0" statements="63" coveredstatements="56" elements="69" coveredelements="59"/>
        </class>
        <line num="29" type="method" name="__construct" visibility="public" complexity="6" crap="6.84" count="4"/>
        <line num="31" type="stmt" count="4"/>
        <line num="32" type="stmt" count="4"/>
        <line num="33" type="stmt" count="4"/>
        <line num="34" type="stmt" count="4"/>
        <line num="35" type="stmt" count="4"/>
        <line num="36" type="stmt" count="4"/>
        <line num="37" type="stmt" count="0"/>
        <line num="38" type="stmt" count="0"/>
        <line num="39" type="stmt" count="0"/>
        <line num="40" type="stmt" count="4"/>
        <line num="41" type="stmt" count="4"/>
        <line num="42" type="stmt" count="4"/>
        <line num="43" type="stmt" count="4"/>
        <line num="45" type="stmt" count="0"/>
        <line num="52" type="method" name="get" visibility="public" complexity="5" crap="5.01" count="4"/>
        <line num="54" type="stmt" count="4"/>
        <line num="55" type="stmt" count="4"/>
        <line num="56" type="stmt" count="4"/>
        <line num="57" type="stmt" count="4"/>
        <line num="58" type="stmt" count="4"/>
        <line num="59" type="stmt" count="4"/>
        <line num="60" type="stmt" count="4"/>
        <line num="61" type="stmt" count="4"/>
        <line num="62" type="stmt" count="4"/>
        <line num="66" type="stmt" count="4"/>
        <line num="67" type="stmt" count="0"/>
        <line num="71" type="stmt" count="4"/>
        <line num="80" type="method" name="parent" visibility="public" complexity="6" crap="6.10" count="1"/>
        <line num="82" type="stmt" count="1"/>
        <line num="83" type="stmt" count="1"/>
        <line num="84" type="stmt" count="1"/>
        <line num="85" type="stmt" count="1"/>
        <line num="86" type="stmt" count="1"/>
        <line num="89" type="stmt" count="1"/>
        <line num="90" type="stmt" count="0"/>
        <line num="92" type="stmt" count="1"/>
        <line num="93" type="stmt" count="1"/>
        <line num="94" type="stmt" count="1"/>
        <line num="96" type="stmt" count="1"/>
        <line num="97" type="stmt" count="1"/>
        <line num="98" type="stmt" count="1"/>
        <line num="100" type="stmt" count="0"/>
        <line num="107" type="method" name="extract" visibility="public" complexity="7" crap="7" count="3"/>
        <line num="109" type="stmt" count="3"/>
        <line num="110" type="stmt" count="3"/>
        <line num="111" type="stmt" count="3"/>
        <line num="112" type="stmt" count="3"/>
        <line num="113" type="stmt" count="3"/>
        <line num="114" type="stmt" count="3"/>
        <line num="115" type="stmt" count="3"/>
        <line num="116" type="stmt" count="3"/>
        <line num="117" type="stmt" count="2"/>
        <line num="118" type="stmt" count="3"/>
        <line num="119" type="stmt" count="1"/>
        <line num="120" type="stmt" count="3"/>
        <line num="121" type="stmt" count="1"/>
        <line num="122" type="stmt" count="3"/>
        <line num="123" type="stmt" count="3"/>
        <line num="124" type="stmt" count="3"/>
        <line num="127" type="stmt" count="3"/>
        <line num="129" type="stmt" count="3"/>
        <line num="132" type="method" name="getInnerHtml" visibility="private" complexity="2" crap="2" count="1"/>
        <line num="134" type="stmt" count="1"/>
        <line num="135" type="stmt" count="1"/>
        <line num="136" type="stmt" count="1"/>
        <line num="138" type="stmt" count="1"/>
        <line num="141" type="method" name="getOuterHtml" visibility="private" complexity="1" crap="1" count="1"/>
        <line num="143" type="stmt" count="1"/>
        <metrics loc="147" ncloc="129" classes="1" methods="6" coveredmethods="3" conditionals="0" coveredconditionals="0" statements="63" coveredstatements="56" elements="69" coveredelements="59"/>
      </file>
    </package>
    <metrics files="10" loc="480" ncloc="443" classes="9" methods="32" coveredmethods="26" conditionals="0" coveredconditionals="0" statements="117" coveredstatements="107" elements="149" coveredelements="133"/>
  </project>
</coverage>
